<?xml version="1.0" encoding="UTF-8"?>
<testsuite xmlns:xsi="http://www.w3.org/2001/XMLSchema-instance" xsi:noNamespaceSchemaLocation="https://maven.apache.org/surefire/maven-surefire-plugin/xsd/surefire-test-report.xsd" name="CalculatorIntegrationTest" time="0.031" tests="2" errors="0" skipped="0" failures="0">
  <properties>
[...]
</properties>
  <testcase name="testSubtractAndStore" classname="CalculatorIntegrationTest" time="0.02"/>
  <testcase name="testAddAndStore" classname="CalculatorIntegrationTest" time="0"/>
</testsuite>